TN:
SF:src/canvasManager.js
FN:11,(anonymous_0)
FN:14,createInstance
FN:19,(anonymous_2)
FN:22,(anonymous_3)
FN:25,(anonymous_4)
FN:38,(anonymous_5)
FN:64,(anonymous_6)
FN:75,(anonymous_7)
FN:83,(anonymous_8)
FN:90,(anonymous_9)
FN:98,(anonymous_10)
FNF:11
FNH:10
FNDA:1,(anonymous_0)
FNDA:2,createInstance
FNDA:2,(anonymous_2)
FNDA:2,(anonymous_3)
FNDA:3,(anonymous_4)
FNDA:2,(anonymous_5)
FNDA:0,(anonymous_6)
FNDA:2,(anonymous_7)
FNDA:1,(anonymous_8)
FNDA:5,(anonymous_9)
FNDA:2,(anonymous_10)
DA:3,1
DA:6,1
DA:8,1
DA:11,1
DA:12,1
DA:15,2
DA:18,1
DA:20,2
DA:23,2
DA:26,3
DA:27,0
DA:30,3
DA:35,1
DA:39,2
DA:40,2
DA:42,2
DA:43,2
DA:44,2
DA:45,2
DA:46,2
DA:47,2
DA:48,2
DA:49,2
DA:50,2
DA:51,2
DA:52,2
DA:53,2
DA:54,2
DA:55,2
DA:65,0
DA:76,2
DA:78,2
DA:80,2
DA:82,2
DA:83,2
DA:91,5
DA:99,2
LF:37
LH:35
BRDA:26,0,0,0
BRDA:26,0,1,3
BRDA:65,1,0,0
BRDA:65,1,1,0
BRDA:80,2,0,0
BRDA:80,2,1,2
BRDA:91,3,0,0
BRDA:91,3,1,5
BRDA:99,4,0,0
BRDA:99,4,1,2
BRF:10
BRH:4
end_of_record
TN:
SF:src/cut.js
FN:35,(anonymous_0)
FN:53,(anonymous_1)
FN:76,(anonymous_2)
FN:98,(anonymous_3)
FN:107,(anonymous_4)
FN:120,(anonymous_5)
FN:128,(anonymous_6)
FN:140,drawCut
FN:165,(anonymous_8)
FN:176,isMouseOverCut
FN:186,isMouseInCut
FN:195,isMouseInBorder
FN:199,updateCursor
FN:221,drawTemporaryCut
FN:256,isWithinCut
FN:266,getInnerMostCut
FN:287,getInnerMostCutWithSymbol
FN:304,mouseOverInnerMost
FNF:18
FNH:4
FNDA:3,(anonymous_0)
FNDA:0,(anonymous_1)
FNDA:0,(anonymous_2)
FNDA:0,(anonymous_3)
FNDA:1,(anonymous_4)
FNDA:0,(anonymous_5)
FNDA:2,(anonymous_6)
FNDA:0,drawCut
FNDA:0,(anonymous_8)
FNDA:0,isMouseOverCut
FNDA:0,isMouseInCut
FNDA:0,isMouseInBorder
FNDA:0,updateCursor
FNDA:0,drawTemporaryCut
FNDA:3,isWithinCut
FNDA:0,getInnerMostCut
FNDA:0,getInnerMostCutWithSymbol
FNDA:0,mouseOverInnerMost
DA:3,1
DA:6,1
DA:7,1
DA:8,1
DA:9,1
DA:10,1
DA:11,1
DA:13,1
DA:15,1
DA:17,1
DA:19,1
DA:21,1
DA:23,1
DA:36,3
DA:37,3
DA:38,3
DA:39,3
DA:40,3
DA:41,3
DA:42,3
DA:43,3
DA:44,3
DA:45,3
DA:46,3
DA:47,3
DA:48,3
DA:49,3
DA:50,3
DA:54,0
DA:56,0
DA:57,0
DA:58,0
DA:59,0
DA:61,0
DA:62,0
DA:65,0
DA:66,0
DA:69,0
DA:70,0
DA:71,0
DA:77,0
DA:79,0
DA:80,0
DA:81,0
DA:82,0
DA:83,0
DA:85,0
DA:86,0
DA:89,0
DA:90,0
DA:93,0
DA:94,0
DA:99,0
DA:108,1
DA:109,0
DA:112,1
DA:121,0
DA:122,0
DA:125,0
DA:129,2
DA:138,1
DA:141,0
DA:143,0
DA:145,0
DA:146,0
DA:147,0
DA:148,0
DA:149,0
DA:150,0
DA:151,0
DA:153,0
DA:154,0
DA:155,0
DA:156,0
DA:157,0
DA:158,0
DA:159,0
DA:160,0
DA:161,0
DA:177,0
DA:187,0
DA:196,0
DA:202,0
DA:203,0
DA:204,0
DA:206,0
DA:207,0
DA:208,0
DA:209,0
DA:210,0
DA:211,0
DA:212,0
DA:213,0
DA:215,0
DA:218,0
DA:222,0
DA:224,0
DA:225,0
DA:226,0
DA:227,0
DA:228,0
DA:231,0
DA:233,0
DA:234,0
DA:237,0
DA:238,0
DA:239,0
DA:240,0
DA:241,0
DA:242,0
DA:243,0
DA:244,0
DA:245,0
DA:257,3
DA:267,0
DA:269,0
DA:270,0
DA:271,0
DA:275,0
DA:288,0
DA:290,0
DA:291,0
DA:292,0
DA:296,0
DA:305,0
LF:125
LH:33
BRDA:61,0,0,0
BRDA:61,0,1,0
BRDA:65,1,0,0
BRDA:65,1,1,0
BRDA:70,2,0,0
BRDA:70,2,1,0
BRDA:76,3,0,0
BRDA:86,4,0,0
BRDA:86,4,1,0
BRDA:90,5,0,0
BRDA:90,5,1,0
BRDA:93,6,0,0
BRDA:93,6,1,0
BRDA:108,7,0,0
BRDA:108,7,1,1
BRDA:121,8,0,0
BRDA:121,8,1,0
BRDA:146,9,0,0
BRDA:146,9,1,0
BRDA:146,10,0,0
BRDA:146,10,1,0
BRDA:147,11,0,0
BRDA:147,11,1,0
BRDA:153,12,0,0
BRDA:153,12,1,0
BRDA:156,13,0,0
BRDA:156,13,1,0
BRDA:196,14,0,0
BRDA:196,14,1,0
BRDA:206,15,0,0
BRDA:206,15,1,0
BRDA:206,16,0,0
BRDA:206,16,1,0
BRDA:208,17,0,0
BRDA:208,17,1,0
BRDA:208,18,0,0
BRDA:208,18,1,0
BRDA:208,18,2,0
BRDA:208,18,3,0
BRDA:210,19,0,0
BRDA:210,19,1,0
BRDA:210,20,0,0
BRDA:210,20,1,0
BRDA:210,20,2,0
BRDA:212,21,0,0
BRDA:212,21,1,0
BRDA:212,22,0,0
BRDA:212,22,1,0
BRDA:212,22,2,0
BRDA:212,22,3,0
BRDA:224,23,0,0
BRDA:224,23,1,0
BRDA:233,24,0,0
BRDA:233,24,1,0
BRDA:270,25,0,0
BRDA:270,25,1,0
BRDA:275,26,0,0
BRDA:275,26,1,0
BRDA:291,27,0,0
BRDA:291,27,1,0
BRDA:296,28,0,0
BRDA:296,28,1,0
BRF:62
BRH:1
end_of_record
TN:
SF:src/cutmanager.js
FN:15,drawDistancesOfCuts
FN:30,(anonymous_1)
FN:33,createInstance
FN:38,(anonymous_3)
FN:41,(anonymous_4)
FN:54,(anonymous_5)
FN:68,(anonymous_6)
FN:72,(anonymous_7)
FN:76,(anonymous_8)
FN:82,(anonymous_9)
FNF:10
FNH:6
FNDA:0,drawDistancesOfCuts
FNDA:1,(anonymous_1)
FNDA:1,createInstance
FNDA:0,(anonymous_3)
FNDA:3,(anonymous_4)
FNDA:1,(anonymous_5)
FNDA:0,(anonymous_6)
FNDA:2,(anonymous_7)
FNDA:0,(anonymous_8)
FNDA:1,(anonymous_9)
DA:3,1
DA:6,1
DA:7,1
DA:9,1
DA:11,1
DA:13,1
DA:16,0
DA:18,0
DA:19,0
DA:20,0
DA:21,0
DA:30,1
DA:31,1
DA:34,1
DA:37,1
DA:39,0
DA:42,3
DA:43,1
DA:46,3
DA:51,1
DA:55,1
DA:57,1
DA:59,1
DA:60,0
DA:63,1
DA:64,0
DA:69,0
DA:73,2
DA:77,0
DA:78,0
DA:79,0
DA:83,1
DA:85,1
DA:86,2
DA:87,2
DA:88,2
DA:91,1
DA:92,2
DA:93,4
DA:95,2
DA:96,2
DA:97,1
DA:98,1
DA:104,1
DA:106,2
DA:107,0
DA:109,0
DA:110,0
LF:48
LH:33
BRDA:20,0,0,0
BRDA:20,0,1,0
BRDA:42,1,0,1
BRDA:42,1,1,2
BRDA:78,2,0,0
BRDA:78,2,1,0
BRDA:93,3,0,2
BRDA:93,3,1,2
BRDA:95,4,0,2
BRDA:95,4,1,0
BRDA:95,5,0,2
BRDA:95,5,1,0
BRDA:96,6,0,1
BRDA:96,6,1,1
BRDA:107,7,0,0
BRDA:107,7,1,0
BRF:16
BRH:8
end_of_record
TN:
SF:src/main.js
FN:33,main
FN:70,renderLoop
FN:140,getRandomString
FNF:3
FNH:1
FNDA:0,main
FNDA:0,renderLoop
FNDA:3,getRandomString
DA:3,1
DA:6,1
DA:7,1
DA:9,1
DA:11,1
DA:13,1
DA:15,1
DA:17,1
DA:19,1
DA:21,1
DA:27,1
DA:29,1
DA:30,1
DA:35,0
DA:37,0
DA:38,0
DA:39,0
DA:42,0
DA:44,0
DA:45,0
DA:46,0
DA:49,0
DA:51,0
DA:53,0
DA:54,0
DA:56,0
DA:58,0
DA:60,0
DA:62,0
DA:63,0
DA:64,0
DA:65,0
DA:71,0
DA:73,0
DA:75,0
DA:76,0
DA:77,0
DA:79,0
DA:80,0
DA:83,0
DA:84,0
DA:86,0
DA:87,0
DA:90,0
DA:91,0
DA:95,0
DA:96,0
DA:98,0
DA:99,0
DA:102,0
DA:103,0
DA:107,0
DA:108,0
DA:111,0
DA:112,0
DA:116,0
DA:117,0
DA:120,0
DA:121,0
DA:123,0
DA:124,0
DA:127,0
DA:128,0
DA:131,0
DA:132,0
DA:141,3
DA:143,3
DA:144,0
DA:146,3
DA:147,6
DA:151,3
DA:153,3
DA:154,6
DA:157,3
LF:74
LH:21
BRDA:29,0,0,1
BRDA:29,0,1,0
BRDA:37,1,0,0
BRDA:37,1,1,0
BRDA:37,2,0,0
BRDA:37,2,1,0
BRDA:44,3,0,0
BRDA:44,3,1,0
BRDA:44,4,0,0
BRDA:44,4,1,0
BRDA:62,5,0,0
BRDA:62,5,1,0
BRDA:64,6,0,0
BRDA:64,6,1,0
BRDA:79,7,0,0
BRDA:79,7,1,0
BRDA:86,8,0,0
BRDA:86,8,1,0
BRDA:86,9,0,0
BRDA:86,9,1,0
BRDA:90,10,0,0
BRDA:90,10,1,0
BRDA:98,11,0,0
BRDA:98,11,1,0
BRDA:98,12,0,0
BRDA:98,12,1,0
BRDA:102,13,0,0
BRDA:102,13,1,0
BRDA:116,14,0,0
BRDA:116,14,1,0
BRDA:116,15,0,0
BRDA:116,15,1,0
BRDA:120,16,0,0
BRDA:120,16,1,0
BRDA:120,17,0,0
BRDA:120,17,1,0
BRDA:120,17,2,0
BRDA:127,18,0,0
BRDA:127,18,1,0
BRDA:127,19,0,0
BRDA:127,19,1,0
BRDA:131,20,0,0
BRDA:131,20,1,0
BRDA:143,21,0,0
BRDA:143,21,1,3
BRF:45
BRH:2
end_of_record
TN:
SF:src/minirenderer.js
FN:20,loadMini
FN:30,toggleMiniRenderer
FN:54,renderMiniCanvas
FNF:3
FNH:0
FNDA:0,loadMini
FNDA:0,toggleMiniRenderer
FNDA:0,renderMiniCanvas
DA:3,1
DA:6,1
DA:8,1
DA:10,1
DA:12,1
DA:14,1
DA:16,1
DA:18,1
DA:21,0
DA:23,0
DA:24,0
DA:25,0
DA:26,0
DA:27,0
DA:31,0
DA:33,0
DA:35,0
DA:36,0
DA:37,0
DA:38,0
DA:40,0
DA:41,0
DA:42,0
DA:45,0
DA:46,0
DA:47,0
DA:48,0
DA:50,0
DA:55,0
DA:57,0
DA:59,0
DA:60,0
DA:62,0
DA:63,0
DA:66,0
DA:67,0
DA:69,0
DA:70,0
DA:73,0
DA:74,0
DA:78,0
DA:79,0
DA:81,0
DA:82,0
DA:85,0
DA:86,0
DA:90,0
DA:91,0
DA:94,0
DA:95,0
DA:99,0
DA:100,0
DA:103,0
DA:104,0
DA:106,0
DA:107,0
DA:110,0
LF:57
LH:8
BRDA:35,0,0,0
BRDA:35,0,1,0
BRDA:62,1,0,0
BRDA:62,1,1,0
BRDA:69,2,0,0
BRDA:69,2,1,0
BRDA:69,3,0,0
BRDA:69,3,1,0
BRDA:73,4,0,0
BRDA:73,4,1,0
BRDA:81,5,0,0
BRDA:81,5,1,0
BRDA:81,6,0,0
BRDA:81,6,1,0
BRDA:85,7,0,0
BRDA:85,7,1,0
BRDA:99,8,0,0
BRDA:99,8,1,0
BRDA:99,9,0,0
BRDA:99,9,1,0
BRDA:103,10,0,0
BRDA:103,10,1,0
BRDA:103,11,0,0
BRDA:103,11,1,0
BRDA:103,11,2,0
BRF:25
BRH:0
end_of_record
TN:
SF:src/renderer.js
FN:21,renderGrid
FN:50,getDeviceRatio
FN:65,onResize
FN:74,fixBlur
FNF:4
FNH:0
FNDA:0,renderGrid
FNDA:0,getDeviceRatio
FNDA:0,onResize
FNDA:0,fixBlur
DA:3,1
DA:6,1
DA:7,1
DA:8,1
DA:9,1
DA:11,1
DA:13,1
DA:15,1
DA:22,0
DA:23,0
DA:25,0
DA:26,0
DA:27,0
DA:28,0
DA:29,0
DA:30,0
DA:34,0
DA:35,0
DA:36,0
DA:37,0
DA:38,0
DA:39,0
DA:42,0
DA:51,0
DA:53,0
DA:54,0
DA:55,0
DA:66,0
DA:68,0
DA:69,0
DA:70,0
DA:71,0
DA:75,0
DA:76,0
DA:77,0
DA:78,0
DA:79,0
DA:81,0
LF:38
LH:8
BRDA:21,0,0,0
BRDA:26,1,0,0
BRDA:26,1,1,0
BRDA:35,2,0,0
BRDA:35,2,1,0
BRDA:53,3,0,0
BRDA:53,3,1,0
BRDA:54,4,0,0
BRDA:54,4,1,0
BRDA:54,4,2,0
BRDA:54,4,3,0
BRDA:54,4,4,0
BRDA:54,4,5,0
BRF:13
BRH:0
end_of_record
TN:
SF:src/symbol.js
FN:33,(anonymous_0)
FN:49,(anonymous_1)
FN:59,(anonymous_2)
FN:75,(anonymous_3)
FN:83,addSymbol
FN:96,drawSymbol
FN:117,isMouseOverSym
FNF:7
FNH:0
FNDA:0,(anonymous_0)
FNDA:0,(anonymous_1)
FNDA:0,(anonymous_2)
FNDA:0,(anonymous_3)
FNDA:0,addSymbol
FNDA:0,drawSymbol
FNDA:0,isMouseOverSym
DA:3,1
DA:6,1
DA:7,1
DA:8,1
DA:10,1
DA:12,1
DA:14,1
DA:16,1
DA:18,1
DA:20,1
DA:34,0
DA:36,0
DA:37,0
DA:38,0
DA:39,0
DA:40,0
DA:41,0
DA:42,0
DA:43,0
DA:44,0
DA:45,0
DA:46,0
DA:50,0
DA:52,0
DA:54,0
DA:55,0
DA:60,0
DA:62,0
DA:63,0
DA:64,0
DA:65,0
DA:66,0
DA:67,0
DA:68,0
DA:70,0
DA:71,0
DA:76,0
DA:81,1
DA:84,0
DA:86,0
DA:87,0
DA:88,0
DA:91,0
DA:93,0
DA:97,0
DA:99,0
DA:100,0
DA:101,0
DA:103,0
DA:104,0
DA:105,0
DA:106,0
DA:118,0
LF:53
LH:11
BRDA:54,0,0,0
BRDA:54,0,1,0
BRDA:59,1,0,0
BRDA:70,2,0,0
BRDA:70,2,1,0
BRDA:86,3,0,0
BRDA:86,3,1,0
BRDA:99,4,0,0
BRDA:99,4,1,0
BRDA:103,5,0,0
BRDA:103,5,1,0
BRF:11
BRH:0
end_of_record
TN:
SF:src/userInput.js
FN:25,(anonymous_0)
FN:28,createInstance
FN:33,(anonymous_2)
FN:36,(anonymous_3)
FN:51,(anonymous_4)
FN:77,(anonymous_5)
FN:81,(anonymous_6)
FN:96,(anonymous_7)
FN:108,onMouseDown
FN:119,isOverAnything
FN:137,onMouseUp
FN:154,getRealMousePos
FN:158,onKeyDown
FN:168,onKeyUp
FN:186,isAlpha
FN:197,toggleMode
FN:207,toggleInsertButton
FN:212,deleteObjectUnderMouse
FN:219,removeFromList
FNF:19
FNH:1
FNDA:1,(anonymous_0)
FNDA:0,createInstance
FNDA:0,(anonymous_2)
FNDA:0,(anonymous_3)
FNDA:0,(anonymous_4)
FNDA:0,(anonymous_5)
FNDA:0,(anonymous_6)
FNDA:0,(anonymous_7)
FNDA:0,onMouseDown
FNDA:0,isOverAnything
FNDA:0,onMouseUp
FNDA:0,getRealMousePos
FNDA:0,onKeyDown
FNDA:0,onKeyUp
FNDA:0,isAlpha
FNDA:0,toggleMode
FNDA:0,toggleInsertButton
FNDA:0,deleteObjectUnderMouse
FNDA:0,removeFromList
DA:3,1
DA:6,1
DA:7,1
DA:9,1
DA:11,1
DA:13,1
DA:15,1
DA:17,1
DA:19,1
DA:21,1
DA:23,1
DA:25,1
DA:26,1
DA:29,0
DA:32,1
DA:34,0
DA:37,0
DA:38,0
DA:41,0
DA:48,1
DA:52,0
DA:54,0
DA:55,0
DA:56,0
DA:57,0
DA:58,0
DA:59,0
DA:60,0
DA:61,0
DA:62,0
DA:63,0
DA:64,0
DA:65,0
DA:66,0
DA:67,0
DA:68,0
DA:69,0
DA:70,0
DA:71,0
DA:72,0
DA:73,0
DA:74,0
DA:78,0
DA:82,0
DA:83,0
DA:85,0
DA:86,0
DA:87,0
DA:91,0
DA:92,0
DA:97,0
DA:98,0
DA:99,0
DA:100,0
DA:101,0
DA:103,0
DA:109,0
DA:111,0
DA:112,0
DA:113,0
DA:115,0
DA:116,0
DA:120,0
DA:121,0
DA:122,0
DA:123,0
DA:128,0
DA:129,0
DA:130,0
DA:132,0
DA:133,0
DA:138,0
DA:139,0
DA:140,0
DA:155,0
DA:159,0
DA:161,0
DA:162,0
DA:163,0
DA:164,0
DA:169,0
DA:171,0
DA:173,0
DA:175,0
DA:176,0
DA:177,0
DA:178,0
DA:179,0
DA:180,0
DA:181,0
DA:184,0
DA:187,0
DA:188,0
DA:189,0
DA:198,0
DA:199,0
DA:200,0
DA:201,0
DA:202,0
DA:203,0
DA:204,0
DA:208,0
DA:209,0
DA:213,0
DA:215,0
DA:216,0
DA:220,0
DA:221,0
DA:222,0
DA:223,0
DA:228,0
DA:230,0
DA:231,0
DA:233,0
DA:236,0
LF:115
LH:15
BRDA:37,0,0,0
BRDA:37,0,1,0
BRDA:82,1,0,0
BRDA:82,1,1,0
BRDA:85,2,0,0
BRDA:85,2,1,0
BRDA:86,3,0,0
BRDA:86,3,1,0
BRDA:86,4,0,0
BRDA:86,4,1,0
BRDA:91,5,0,0
BRDA:91,5,1,0
BRDA:115,6,0,0
BRDA:115,6,1,0
BRDA:121,7,0,0
BRDA:121,7,1,0
BRDA:122,8,0,0
BRDA:122,8,1,0
BRDA:128,9,0,0
BRDA:128,9,1,0
BRDA:161,10,0,0
BRDA:161,10,1,0
BRDA:161,11,0,0
BRDA:161,11,1,0
BRDA:163,12,0,0
BRDA:163,12,1,0
BRDA:163,13,0,0
BRDA:163,13,1,0
BRDA:173,14,0,0
BRDA:173,14,1,0
BRDA:176,15,0,0
BRDA:176,15,1,0
BRDA:176,16,0,0
BRDA:176,16,1,0
BRDA:178,17,0,0
BRDA:178,17,1,0
BRDA:178,18,0,0
BRDA:178,18,1,0
BRDA:178,18,2,0
BRDA:178,18,3,0
BRDA:180,19,0,0
BRDA:180,19,1,0
BRDA:187,20,0,0
BRDA:187,20,1,0
BRDA:189,21,0,0
BRDA:189,21,1,0
BRDA:201,22,0,0
BRDA:201,22,1,0
BRDA:202,23,0,0
BRDA:202,23,1,0
BRDA:203,24,0,0
BRDA:203,24,1,0
BRDA:209,25,0,0
BRDA:209,25,1,0
BRDA:215,26,0,0
BRDA:215,26,1,0
BRDA:221,27,0,0
BRDA:221,27,1,0
BRDA:230,28,0,0
BRDA:230,28,1,0
BRF:60
BRH:0
end_of_record
TN:
SF:src/lib/math.js
FN:28,isWithinEllipse
FN:44,isWithinTollerance
FN:59,isPointWithinRect
FN:71,getEllipseArea
FN:84,matrixDot
FN:85,(anonymous_5)
FN:86,(anonymous_6)
FN:87,(anonymous_7)
FN:88,(anonymous_8)
FN:101,transformPoint
FN:114,getDistance
FNF:11
FNH:3
FNDA:3,isWithinEllipse
FNDA:0,isWithinTollerance
FNDA:0,isPointWithinRect
FNDA:4,getEllipseArea
FNDA:0,matrixDot
FNDA:0,(anonymous_5)
FNDA:0,(anonymous_6)
FNDA:0,(anonymous_7)
FNDA:0,(anonymous_8)
FNDA:0,transformPoint
FNDA:4,getDistance
DA:3,2
DA:6,2
DA:7,2
DA:8,2
DA:9,2
DA:10,2
DA:11,2
DA:13,2
DA:30,3
DA:31,3
DA:32,3
DA:45,0
DA:60,0
DA:72,4
DA:85,0
DA:86,0
DA:87,0
DA:88,0
DA:103,0
DA:105,0
DA:115,4
DA:116,4
DA:117,4
LF:23
LH:15
BRDA:45,0,0,0
BRDA:45,0,1,0
BRDA:60,1,0,0
BRDA:60,1,1,0
BRDA:60,1,2,0
BRDA:60,1,3,0
BRF:6
BRH:0
end_of_record
TN:
SF:src/lib/point.js
FN:17,(anonymous_0)
FN:27,(anonymous_1)
FNF:2
FNH:1
FNDA:13,(anonymous_0)
FNDA:0,(anonymous_1)
DA:3,2
DA:6,2
DA:18,13
DA:19,13
DA:28,0
DA:29,0
DA:34,2
LF:7
LH:5
BRF:0
BRH:0
end_of_record
TN:
SF:src/lib/vector.js
FN:24,(anonymous_0)
FN:49,drawVector
FNF:2
FNH:0
FNDA:0,(anonymous_0)
FNDA:0,drawVector
DA:3,1
DA:6,1
DA:7,1
DA:9,1
DA:11,1
DA:25,0
DA:26,0
DA:27,0
DA:28,0
DA:29,0
DA:30,0
DA:32,0
DA:33,0
DA:36,0
DA:37,0
DA:38,0
DA:47,1
DA:50,0
DA:52,0
DA:53,0
DA:54,0
DA:55,0
LF:22
LH:6
BRDA:32,0,0,0
BRDA:32,0,1,0
BRF:2
BRH:0
end_of_record
